<?xml version="1.0" encoding="UTF-8"?>
<testsuite xmlns:xsi="http://www.w3.org/2001/XMLSchema-instance" xsi:noNamespaceSchemaLocation="https://maven.apache.org/surefire/maven-surefire-plugin/xsd/surefire-test-report-3.0.xsd" version="3.0" name="org.derirevest.GreetingResourceTest" time="7.61" tests="1" errors="0" skipped="0" failures="1">
  <properties>
[...]
</properties>
  <testcase name="testHelloEndpoint" classname="org.derirevest.GreetingResourceTest" time="0.813">
    <failure type="java.lang.AssertionError"><![CDATA[java.lang.AssertionError: 
1 expectation failed.
Expected status code <200> but was <400>.

	at org.derirevest.GreetingResourceTest.testHelloEndpoint(GreetingResourceTest.java:17)
]]></failure>
    <system-out><![CDATA[2021-10-09 09:49:23,195 WARN  [io.qua.mon.dep.DevServicesMongoProcessor] (build-43) Please configure datasource URL for default datasource or get a working docker instance
2021-10-09 09:49:23,282 WARN  [io.qua.arc.pro.BeanArchives] (build-35) Failed to index [Ljava.lang.Object;: Class does not exist in ClassLoader QuarkusClassLoader:Deployment Class Loader: TEST
2021-10-09 09:49:24,075 WARN  [io.qua.config] (main) Unrecognized configuration key "quarkus.application.autor" was provided; it will be ignored; verify that the dependency extension for this configuration is set or that you did not make a typo
2021-10-09 09:49:25,090 INFO  [org.key.ada.aut.PolicyEnforcer] (main) Paths provided in configuration.
2021-10-09 09:49:25,153 INFO  [org.mon.dri.cluster] (main) Cluster created with settings {hosts=[10.10.0.222:27017], mode=SINGLE, requiredClusterType=UNKNOWN, serverSelectionTimeout='30000 ms'}
2021-10-09 09:49:25,206 INFO  [org.mon.dri.connection] (cluster-rtt-ClusterId{value='6161579517bbce1e0e71a0ed', description='null'}-10.10.0.222:27017) Opened connection [connectionId{localValue:2, serverValue:1349}] to 10.10.0.222:27017
2021-10-09 09:49:25,206 INFO  [org.mon.dri.connection] (cluster-ClusterId{value='6161579517bbce1e0e71a0ed', description='null'}-10.10.0.222:27017) Opened connection [connectionId{localValue:1, serverValue:1350}] to 10.10.0.222:27017
2021-10-09 09:49:25,206 INFO  [org.mon.dri.cluster] (cluster-ClusterId{value='6161579517bbce1e0e71a0ed', description='null'}-10.10.0.222:27017) Monitor thread successfully connected to server with description ServerDescription{address=10.10.0.222:27017, type=STANDALONE, state=CONNECTED, ok=true, minWireVersion=0, maxWireVersion=13, maxDocumentSize=16777216, logicalSessionTimeoutMinutes=30, roundTripTimeNanos=18331500}
2021-10-09 09:49:25,566 WARN  [io.qua.qut.run.ContentTypes] (main) Unable to detect the content type for templates/Why i use qute and Vue.md; using application/octet-stream
2021-10-09 09:49:25,613 INFO  [org.mon.dri.connection] (main) Opened connection [connectionId{localValue:3, serverValue:1351}] to 10.10.0.222:27017
2021-10-09 09:49:25,706 INFO  [ListenerBean] (main) The application is starting...
2021-10-09 09:49:25,738 INFO  [io.quarkus] (main) Derirevest S.U Lda 0.1.0 on JVM (powered by Quarkus 2.0.2.Final) started in 3.921s. Listening on: http://0.0.0.0:8888
2021-10-09 09:49:25,738 INFO  [io.quarkus] (main) Profile test activated. 
2021-10-09 09:49:25,738 INFO  [io.quarkus] (main) Installed features: [agroal, cdi, hibernate-orm, jdbc-postgresql, keycloak-authorization, mongodb-client, narayana-jta, oidc, qute, resteasy, resteasy-jackson, resteasy-jsonb, resteasy-qute, security, smallrye-context-propagation]
]]></system-out>
  </testcase>
</testsuite>